14.26.21	正常	设备1 加载指定离线工具的bin文件
14.26.21	正常	设备1 CRC = 0x6e980f50
14.26.32	正常	设备1 程序下载成功 
14.26.48	正常	设备1 加载指定离线工具的bin文件
14.26.49	正常	设备1 CRC = 0x6e980f50
14.26.49	错误	设备1 复位失败!!
14.26.49	警告	设备1 程序下载失败 
14.26.55	正常	设备1 加载指定离线工具的bin文件
14.26.55	正常	设备1 CRC = 0x6e980f50
14.26.56	错误	设备1 复位失败!!
14.26.56	警告	设备1 程序下载失败 
14.27.09	正常	设备1 加载指定离线工具的bin文件
14.27.09	正常	设备1 CRC = 0x6e980f50
14.27.09	错误	设备1 复位失败!!
14.27.09	警告	设备1 程序下载失败 
14.27.27	正常	设备1 加载指定离线工具的bin文件
14.27.27	正常	设备1 CRC = 0x6e980f50
14.27.39	正常	设备1 程序下载成功 
15.59.44	正常	设备1 加载指定离线工具的bin文件
15.59.44	正常	设备1 CRC = 0xcba5c48d
15.59.55	正常	设备1 程序下载成功 
16.27.55	正常	设备1 加载指定离线工具的bin文件
16.27.55	正常	设备1 CRC = 0xce8c3e4d
16.28.06	正常	设备1 程序下载成功 
